{"/Users/mrmiless/IFE/infamous-freight-ai/api/src/server.js": {"path":"/Users/mrmiless/IFE/infamous-freight-ai/api/src/server.js","statementMap":{"0":{"start":{"line":1,"column":0},"end":{"line":1,"column":27}},"1":{"start":{"line":2,"column":16},"end":{"line":2,"column":34}},"2":{"start":{"line":3,"column":15},"end":{"line":3,"column":32}},"3":{"start":{"line":4,"column":13},"end":{"line":4,"column":28}},"4":{"start":{"line":5,"column":15},"end":{"line":5,"column":32}},"5":{"start":{"line":6,"column":30},"end":{"line":6,"column":62}},"6":{"start":{"line":7,"column":21},"end":{"line":7,"column":47}},"7":{"start":{"line":8,"column":17},"end":{"line":8,"column":48}},"8":{"start":{"line":9,"column":28},"end":{"line":9,"column":62}},"9":{"start":{"line":10,"column":22},"end":{"line":10,"column":49}},"10":{"start":{"line":11,"column":23},"end":{"line":11,"column":51}},"11":{"start":{"line":13,"column":12},"end":{"line":13,"column":21}},"12":{"start":{"line":15,"column":0},"end":{"line":15,"column":26}},"13":{"start":{"line":17,"column":23},"end":{"line":20,"column":18}},"14":{"start":{"line":19,"column":19},"end":{"line":19,"column":32}},"15":{"start":{"line":23,"column":2},"end":{"line":25,"column":59}},"16":{"start":{"line":27,"column":20},"end":{"line":27,"column":72}},"17":{"start":{"line":28,"column":30},"end":{"line":33,"column":1}},"18":{"start":{"line":29,"column":2},"end":{"line":32,"column":60}},"19":{"start":{"line":31,"column":16},"end":{"line":31,"column":22}},"20":{"start":{"line":32,"column":17},"end":{"line":32,"column":58}},"21":{"start":{"line":35,"column":0},"end":{"line":35,"column":18}},"22":{"start":{"line":36,"column":0},"end":{"line":36,"column":27}},"23":{"start":{"line":37,"column":0},"end":{"line":37,"column":24}},"24":{"start":{"line":38,"column":0},"end":{"line":38,"column":28}},"25":{"start":{"line":39,"column":0},"end":{"line":39,"column":31}},"26":{"start":{"line":41,"column":0},"end":{"line":41,"column":30}},"27":{"start":{"line":42,"column":0},"end":{"line":42,"column":26}},"28":{"start":{"line":43,"column":0},"end":{"line":43,"column":37}},"29":{"start":{"line":44,"column":0},"end":{"line":44,"column":31}},"30":{"start":{"line":45,"column":0},"end":{"line":45,"column":32}},"31":{"start":{"line":47,"column":0},"end":{"line":57,"column":3}},"32":{"start":{"line":48,"column":37},"end":{"line":48,"column":51}},"33":{"start":{"line":49,"column":16},"end":{"line":55,"column":3}},"34":{"start":{"line":56,"column":2},"end":{"line":56,"column":18}},"35":{"start":{"line":59,"column":13},"end":{"line":59,"column":37}},"36":{"start":{"line":61,"column":0},"end":{"line":65,"column":1}},"37":{"start":{"line":62,"column":2},"end":{"line":64,"column":5}},"38":{"start":{"line":63,"column":24},"end":{"line":63,"column":117}},"39":{"start":{"line":67,"column":0},"end":{"line":67,"column":21}},"40":{"start":{"line":74,"column":85},"end":{"line":74,"column":46535}},"41":{"start":{"line":74,"column":89},"end":{"line":74,"column":46507}},"42":{"start":{"line":74,"column":46517},"end":{"line":74,"column":46534}}},"fnMap":{"0":{"name":"(anonymous_0)","decl":{"start":{"line":19,"column":7},"end":{"line":19,"column":8}},"loc":{"start":{"line":19,"column":19},"end":{"line":19,"column":32}},"line":19},"1":{"name":"(anonymous_1)","decl":{"start":{"line":28,"column":30},"end":{"line":28,"column":31}},"loc":{"start":{"line":28,"column":50},"end":{"line":33,"column":1}},"line":28},"2":{"name":"(anonymous_2)","decl":{"start":{"line":31,"column":10},"end":{"line":31,"column":11}},"loc":{"start":{"line":31,"column":16},"end":{"line":31,"column":22}},"line":31},"3":{"name":"(anonymous_3)","decl":{"start":{"line":32,"column":11},"end":{"line":32,"column":12}},"loc":{"start":{"line":32,"column":17},"end":{"line":32,"column":58}},"line":32},"4":{"name":"(anonymous_4)","decl":{"start":{"line":47,"column":29},"end":{"line":47,"column":30}},"loc":{"start":{"line":47,"column":43},"end":{"line":57,"column":1}},"line":47},"5":{"name":"(anonymous_5)","decl":{"start":{"line":62,"column":19},"end":{"line":62,"column":20}},"loc":{"start":{"line":62,"column":25},"end":{"line":64,"column":3}},"line":62},"6":{"name":"oo_cm","decl":{"start":{"line":74,"column":77},"end":{"line":74,"column":82}},"loc":{"start":{"line":74,"column":84},"end":{"line":74,"column":46536}},"line":74}},"branchMap":{"0":{"loc":{"start":{"line":17,"column":24},"end":{"line":17,"column":55}},"type":"binary-expr","locations":[{"start":{"line":17,"column":24},"end":{"line":17,"column":48}},{"start":{"line":17,"column":52},"end":{"line":17,"column":55}}],"line":17},"1":{"loc":{"start":{"line":23,"column":2},"end":{"line":25,"column":59}},"type":"cond-expr","locations":[{"start":{"line":24,"column":6},"end":{"line":24,"column":8}},{"start":{"line":25,"column":6},"end":{"line":25,"column":59}}],"line":23},"2":{"loc":{"start":{"line":23,"column":2},"end":{"line":23,"column":61}},"type":"binary-expr","locations":[{"start":{"line":23,"column":2},"end":{"line":23,"column":30}},{"start":{"line":23,"column":34},"end":{"line":23,"column":61}}],"line":23},"3":{"loc":{"start":{"line":48,"column":37},"end":{"line":48,"column":51}},"type":"binary-expr","locations":[{"start":{"line":48,"column":37},"end":{"line":48,"column":45}},{"start":{"line":48,"column":49},"end":{"line":48,"column":51}}],"line":48},"4":{"loc":{"start":{"line":59,"column":13},"end":{"line":59,"column":37}},"type":"binary-expr","locations":[{"start":{"line":59,"column":13},"end":{"line":59,"column":29}},{"start":{"line":59,"column":33},"end":{"line":59,"column":37}}],"line":59},"5":{"loc":{"start":{"line":61,"column":0},"end":{"line":65,"column":1}},"type":"if","locations":[{"start":{"line":61,"column":0},"end":{"line":65,"column":1}},{"start":{},"end":{}}],"line":61},"6":{"loc":{"start":{"line":74,"column":96},"end":{"line":74,"column":46506}},"type":"binary-expr","locations":[{"start":{"line":74,"column":96},"end":{"line":74,"column":133}},{"start":{"line":74,"column":137},"end":{"line":74,"column":46506}}],"line":74}},"s":{"0":1,"1":1,"2":1,"3":1,"4":1,"5":1,"6":1,"7":1,"8":1,"9":1,"10":1,"11":1,"12":1,"13":1,"14":1,"15":1,"16":1,"17":1,"18":1,"19":1,"20":0,"21":1,"22":1,"23":1,"24":1,"25":1,"26":1,"27":1,"28":1,"29":1,"30":1,"31":1,"32":0,"33":0,"34":0,"35":1,"36":1,"37":0,"38":0,"39":1,"40":0,"41":0,"42":0},"f":{"0":1,"1":1,"2":1,"3":0,"4":0,"5":0,"6":0},"b":{"0":[1,1],"1":[1,0],"2":[1,0],"3":[0,0],"4":[1,1],"5":[0,1],"6":[0,0]},"_coverageSchema":"1a1c01bbd47fc00a2c39e90264f33305004495a9","hash":"e975bff187730fdf90bbd2708ecbf41ce05167a8"}
,"/Users/mrmiless/IFE/infamous-freight-ai/api/src/middleware/audit.js": {"path":"/Users/mrmiless/IFE/infamous-freight-ai/api/src/middleware/audit.js","statementMap":{"0":{"start":{"line":2,"column":16},"end":{"line":2,"column":26}},"1":{"start":{"line":3,"column":23},"end":{"line":3,"column":41}},"2":{"start":{"line":5,"column":2},"end":{"line":18,"column":4}},"3":{"start":{"line":6,"column":15},"end":{"line":6,"column":33}},"4":{"start":{"line":7,"column":18},"end":{"line":15,"column":5}},"5":{"start":{"line":16,"column":24},"end":{"line":16,"column":104}},"6":{"start":{"line":17,"column":4},"end":{"line":17,"column":30}},"7":{"start":{"line":20,"column":2},"end":{"line":20,"column":9}},"8":{"start":{"line":23,"column":0},"end":{"line":23,"column":23}},"9":{"start":{"line":30,"column":85},"end":{"line":30,"column":46535}},"10":{"start":{"line":30,"column":89},"end":{"line":30,"column":46507}},"11":{"start":{"line":30,"column":46517},"end":{"line":30,"column":46534}}},"fnMap":{"0":{"name":"audit","decl":{"start":{"line":1,"column":9},"end":{"line":1,"column":14}},"loc":{"start":{"line":1,"column":31},"end":{"line":21,"column":1}},"line":1},"1":{"name":"(anonymous_1)","decl":{"start":{"line":5,"column":13},"end":{"line":5,"column":14}},"loc":{"start":{"line":5,"column":21},"end":{"line":18,"column":3}},"line":5},"2":{"name":"oo_cm","decl":{"start":{"line":30,"column":77},"end":{"line":30,"column":82}},"loc":{"start":{"line":30,"column":84},"end":{"line":30,"column":46536}},"line":30}},"branchMap":{"0":{"loc":{"start":{"line":30,"column":96},"end":{"line":30,"column":46506}},"type":"binary-expr","locations":[{"start":{"line":30,"column":96},"end":{"line":30,"column":133}},{"start":{"line":30,"column":137},"end":{"line":30,"column":46506}}],"line":30}},"s":{"0":0,"1":0,"2":0,"3":0,"4":0,"5":0,"6":0,"7":0,"8":1,"9":0,"10":0,"11":0},"f":{"0":0,"1":0,"2":0},"b":{"0":[0,0]},"_coverageSchema":"1a1c01bbd47fc00a2c39e90264f33305004495a9","hash":"a3f5aacdbad83c8493906a9934fd04c8c355477e"}
,"/Users/mrmiless/IFE/infamous-freight-ai/api/src/middleware/auth.hybrid.js": {"path":"/Users/mrmiless/IFE/infamous-freight-ai/api/src/middleware/auth.hybrid.js","statementMap":{"0":{"start":{"line":1,"column":12},"end":{"line":1,"column":35}},"1":{"start":{"line":3,"column":19},"end":{"line":3,"column":41}},"2":{"start":{"line":6,"column":21},"end":{"line":6,"column":46}},"3":{"start":{"line":7,"column":17},"end":{"line":7,"column":41}},"4":{"start":{"line":9,"column":2},"end":{"line":16,"column":3}},"5":{"start":{"line":10,"column":4},"end":{"line":14,"column":6}},"6":{"start":{"line":15,"column":4},"end":{"line":15,"column":18}},"7":{"start":{"line":18,"column":2},"end":{"line":31,"column":3}},"8":{"start":{"line":19,"column":18},"end":{"line":19,"column":37}},"9":{"start":{"line":20,"column":4},"end":{"line":30,"column":5}},"10":{"start":{"line":21,"column":22},"end":{"line":21,"column":51}},"11":{"start":{"line":22,"column":6},"end":{"line":26,"column":8}},"12":{"start":{"line":27,"column":6},"end":{"line":27,"column":20}},"13":{"start":{"line":29,"column":6},"end":{"line":29,"column":73}},"14":{"start":{"line":33,"column":2},"end":{"line":33,"column":57}},"15":{"start":{"line":36,"column":0},"end":{"line":36,"column":28}}},"fnMap":{"0":{"name":"authHybrid","decl":{"start":{"line":5,"column":9},"end":{"line":5,"column":19}},"loc":{"start":{"line":5,"column":36},"end":{"line":34,"column":1}},"line":5}},"branchMap":{"0":{"loc":{"start":{"line":9,"column":2},"end":{"line":16,"column":3}},"type":"if","locations":[{"start":{"line":9,"column":2},"end":{"line":16,"column":3}},{"start":{},"end":{}}],"line":9},"1":{"loc":{"start":{"line":9,"column":6},"end":{"line":9,"column":59}},"type":"binary-expr","locations":[{"start":{"line":9,"column":6},"end":{"line":9,"column":12}},{"start":{"line":9,"column":16},"end":{"line":9,"column":59}}],"line":9},"2":{"loc":{"start":{"line":18,"column":2},"end":{"line":31,"column":3}},"type":"if","locations":[{"start":{"line":18,"column":2},"end":{"line":31,"column":3}},{"start":{},"end":{}}],"line":18},"3":{"loc":{"start":{"line":18,"column":6},"end":{"line":18,"column":52}},"type":"binary-expr","locations":[{"start":{"line":18,"column":6},"end":{"line":18,"column":16}},{"start":{"line":18,"column":20},"end":{"line":18,"column":52}}],"line":18},"4":{"loc":{"start":{"line":24,"column":17},"end":{"line":24,"column":42}},"type":"binary-expr","locations":[{"start":{"line":24,"column":17},"end":{"line":24,"column":28}},{"start":{"line":24,"column":32},"end":{"line":24,"column":42}}],"line":24},"5":{"loc":{"start":{"line":25,"column":16},"end":{"line":25,"column":48}},"type":"binary-expr","locations":[{"start":{"line":25,"column":16},"end":{"line":25,"column":30}},{"start":{"line":25,"column":34},"end":{"line":25,"column":48}}],"line":25}},"s":{"0":1,"1":1,"2":0,"3":0,"4":0,"5":0,"6":0,"7":0,"8":0,"9":0,"10":0,"11":0,"12":0,"13":0,"14":0,"15":1},"f":{"0":0},"b":{"0":[0,0],"1":[0,0],"2":[0,0],"3":[0,0],"4":[0,0],"5":[0,0]},"_coverageSchema":"1a1c01bbd47fc00a2c39e90264f33305004495a9","hash":"c39f2cb28f9537f65014cc807e80922f2c7ac231"}
,"/Users/mrmiless/IFE/infamous-freight-ai/api/src/middleware/rateLimit.js": {"path":"/Users/mrmiless/IFE/infamous-freight-ai/api/src/middleware/rateLimit.js","statementMap":{"0":{"start":{"line":1,"column":30},"end":{"line":1,"column":62}},"1":{"start":{"line":4,"column":18},"end":{"line":7,"column":4}},"2":{"start":{"line":9,"column":2},"end":{"line":17,"column":4}},"3":{"start":{"line":10,"column":16},"end":{"line":10,"column":34}},"4":{"start":{"line":11,"column":4},"end":{"line":16,"column":5}},"5":{"start":{"line":12,"column":6},"end":{"line":12,"column":33}},"6":{"start":{"line":13,"column":6},"end":{"line":13,"column":13}},"7":{"start":{"line":15,"column":6},"end":{"line":15,"column":59}},"8":{"start":{"line":20,"column":0},"end":{"line":20,"column":27}}},"fnMap":{"0":{"name":"rateLimit","decl":{"start":{"line":3,"column":9},"end":{"line":3,"column":18}},"loc":{"start":{"line":3,"column":33},"end":{"line":18,"column":1}},"line":3},"1":{"name":"(anonymous_1)","decl":{"start":{"line":9,"column":9},"end":{"line":9,"column":10}},"loc":{"start":{"line":9,"column":35},"end":{"line":17,"column":3}},"line":9}},"branchMap":{"0":{"loc":{"start":{"line":3,"column":19},"end":{"line":3,"column":31}},"type":"default-arg","locations":[{"start":{"line":3,"column":29},"end":{"line":3,"column":31}}],"line":3},"1":{"loc":{"start":{"line":5,"column":12},"end":{"line":5,"column":32}},"type":"binary-expr","locations":[{"start":{"line":5,"column":12},"end":{"line":5,"column":26}},{"start":{"line":5,"column":30},"end":{"line":5,"column":32}}],"line":5},"2":{"loc":{"start":{"line":6,"column":14},"end":{"line":6,"column":36}},"type":"binary-expr","locations":[{"start":{"line":6,"column":14},"end":{"line":6,"column":30}},{"start":{"line":6,"column":34},"end":{"line":6,"column":36}}],"line":6},"3":{"loc":{"start":{"line":10,"column":16},"end":{"line":10,"column":34}},"type":"binary-expr","locations":[{"start":{"line":10,"column":16},"end":{"line":10,"column":22}},{"start":{"line":10,"column":26},"end":{"line":10,"column":34}}],"line":10}},"s":{"0":1,"1":3,"2":3,"3":0,"4":0,"5":0,"6":0,"7":0,"8":1},"f":{"0":3,"1":0},"b":{"0":[0],"1":[3,0],"2":[3,0],"3":[0,0]},"_coverageSchema":"1a1c01bbd47fc00a2c39e90264f33305004495a9","hash":"f034887b82ec81e228baf4b59d5b50562016a79f"}
,"/Users/mrmiless/IFE/infamous-freight-ai/api/src/middleware/scopeGuard.js": {"path":"/Users/mrmiless/IFE/infamous-freight-ai/api/src/middleware/scopeGuard.js","statementMap":{"0":{"start":{"line":1,"column":0},"end":{"line":19,"column":2}},"1":{"start":{"line":2,"column":2},"end":{"line":4,"column":3}},"2":{"start":{"line":3,"column":4},"end":{"line":3,"column":61}},"3":{"start":{"line":6,"column":2},"end":{"line":18,"column":4}},"4":{"start":{"line":7,"column":20},"end":{"line":7,"column":42}},"5":{"start":{"line":8,"column":15},"end":{"line":8,"column":61}},"6":{"start":{"line":8,"column":41},"end":{"line":8,"column":60}},"7":{"start":{"line":9,"column":4},"end":{"line":16,"column":5}},"8":{"start":{"line":10,"column":6},"end":{"line":15,"column":9}},"9":{"start":{"line":17,"column":4},"end":{"line":17,"column":11}}},"fnMap":{"0":{"name":"scopeGuard","decl":{"start":{"line":1,"column":26},"end":{"line":1,"column":36}},"loc":{"start":{"line":1,"column":53},"end":{"line":19,"column":1}},"line":1},"1":{"name":"(anonymous_1)","decl":{"start":{"line":6,"column":9},"end":{"line":6,"column":10}},"loc":{"start":{"line":6,"column":29},"end":{"line":18,"column":3}},"line":6},"2":{"name":"(anonymous_2)","decl":{"start":{"line":8,"column":36},"end":{"line":8,"column":37}},"loc":{"start":{"line":8,"column":41},"end":{"line":8,"column":60}},"line":8}},"branchMap":{"0":{"loc":{"start":{"line":2,"column":2},"end":{"line":4,"column":3}},"type":"if","locations":[{"start":{"line":2,"column":2},"end":{"line":4,"column":3}},{"start":{},"end":{}}],"line":2},"1":{"loc":{"start":{"line":7,"column":20},"end":{"line":7,"column":42}},"type":"binary-expr","locations":[{"start":{"line":7,"column":20},"end":{"line":7,"column":36}},{"start":{"line":7,"column":40},"end":{"line":7,"column":42}}],"line":7},"2":{"loc":{"start":{"line":9,"column":4},"end":{"line":16,"column":5}},"type":"if","locations":[{"start":{"line":9,"column":4},"end":{"line":16,"column":5}},{"start":{},"end":{}}],"line":9}},"s":{"0":1,"1":5,"2":0,"3":5,"4":0,"5":0,"6":0,"7":0,"8":0,"9":0},"f":{"0":5,"1":0,"2":0},"b":{"0":[0,5],"1":[0,0],"2":[0,0]},"_coverageSchema":"1a1c01bbd47fc00a2c39e90264f33305004495a9","hash":"b83eb2c84bb57f422f36e806849fc7c53368d517"}
,"/Users/mrmiless/IFE/infamous-freight-ai/api/src/routes/ai.commands.js": {"path":"/Users/mrmiless/IFE/infamous-freight-ai/api/src/routes/ai.commands.js","statementMap":{"0":{"start":{"line":1,"column":16},"end":{"line":1,"column":34}},"1":{"start":{"line":2,"column":15},"end":{"line":2,"column":31}},"2":{"start":{"line":3,"column":19},"end":{"line":3,"column":55}},"3":{"start":{"line":4,"column":19},"end":{"line":4,"column":54}},"4":{"start":{"line":5,"column":18},"end":{"line":5,"column":52}},"5":{"start":{"line":6,"column":14},"end":{"line":6,"column":44}},"6":{"start":{"line":7,"column":24},"end":{"line":7,"column":64}},"7":{"start":{"line":9,"column":18},"end":{"line":9,"column":43}},"8":{"start":{"line":11,"column":0},"end":{"line":39,"column":2}},"9":{"start":{"line":18,"column":33},"end":{"line":18,"column":47}},"10":{"start":{"line":19,"column":4},"end":{"line":21,"column":5}},"11":{"start":{"line":20,"column":6},"end":{"line":20,"column":68}},"12":{"start":{"line":23,"column":4},"end":{"line":37,"column":5}},"13":{"start":{"line":24,"column":21},"end":{"line":27,"column":8}},"14":{"start":{"line":29,"column":6},"end":{"line":33,"column":9}},"15":{"start":{"line":35,"column":26},"end":{"line":35,"column":109}},"16":{"start":{"line":36,"column":6},"end":{"line":36,"column":76}},"17":{"start":{"line":41,"column":0},"end":{"line":41,"column":24}},"18":{"start":{"line":48,"column":85},"end":{"line":48,"column":46535}},"19":{"start":{"line":48,"column":89},"end":{"line":48,"column":46507}},"20":{"start":{"line":48,"column":46517},"end":{"line":48,"column":46534}}},"fnMap":{"0":{"name":"(anonymous_0)","decl":{"start":{"line":17,"column":2},"end":{"line":17,"column":3}},"loc":{"start":{"line":17,"column":22},"end":{"line":38,"column":3}},"line":17},"1":{"name":"oo_cm","decl":{"start":{"line":48,"column":77},"end":{"line":48,"column":82}},"loc":{"start":{"line":48,"column":84},"end":{"line":48,"column":46536}},"line":48}},"branchMap":{"0":{"loc":{"start":{"line":18,"column":33},"end":{"line":18,"column":47}},"type":"binary-expr","locations":[{"start":{"line":18,"column":33},"end":{"line":18,"column":41}},{"start":{"line":18,"column":45},"end":{"line":18,"column":47}}],"line":18},"1":{"loc":{"start":{"line":19,"column":4},"end":{"line":21,"column":5}},"type":"if","locations":[{"start":{"line":19,"column":4},"end":{"line":21,"column":5}},{"start":{},"end":{}}],"line":19},"2":{"loc":{"start":{"line":24,"column":48},"end":{"line":24,"column":61}},"type":"binary-expr","locations":[{"start":{"line":24,"column":48},"end":{"line":24,"column":55}},{"start":{"line":24,"column":59},"end":{"line":24,"column":61}}],"line":24},"3":{"loc":{"start":{"line":48,"column":96},"end":{"line":48,"column":46506}},"type":"binary-expr","locations":[{"start":{"line":48,"column":96},"end":{"line":48,"column":133}},{"start":{"line":48,"column":137},"end":{"line":48,"column":46506}}],"line":48}},"s":{"0":1,"1":1,"2":1,"3":1,"4":1,"5":1,"6":1,"7":1,"8":1,"9":0,"10":0,"11":0,"12":0,"13":0,"14":0,"15":0,"16":0,"17":1,"18":0,"19":0,"20":0},"f":{"0":0,"1":0},"b":{"0":[0,0],"1":[0,0],"2":[0,0],"3":[0,0]},"_coverageSchema":"1a1c01bbd47fc00a2c39e90264f33305004495a9","hash":"83f741b4e8d4558895e785345668f278c104aa0e"}
,"/Users/mrmiless/IFE/infamous-freight-ai/api/src/routes/ai.maintenance.js": {"path":"/Users/mrmiless/IFE/infamous-freight-ai/api/src/routes/ai.maintenance.js","statementMap":{"0":{"start":{"line":1,"column":16},"end":{"line":1,"column":34}},"1":{"start":{"line":2,"column":15},"end":{"line":2,"column":31}},"2":{"start":{"line":3,"column":19},"end":{"line":3,"column":55}},"3":{"start":{"line":4,"column":19},"end":{"line":4,"column":54}},"4":{"start":{"line":5,"column":32},"end":{"line":5,"column":68}},"5":{"start":{"line":7,"column":21},"end":{"line":7,"column":37}},"6":{"start":{"line":9,"column":0},"end":{"line":29,"column":2}},"7":{"start":{"line":14,"column":29},"end":{"line":14,"column":50}},"8":{"start":{"line":15,"column":4},"end":{"line":27,"column":5}},"9":{"start":{"line":16,"column":6},"end":{"line":20,"column":9}},"10":{"start":{"line":22,"column":6},"end":{"line":26,"column":9}},"11":{"start":{"line":31,"column":0},"end":{"line":31,"column":24}}},"fnMap":{"0":{"name":"(anonymous_0)","decl":{"start":{"line":13,"column":2},"end":{"line":13,"column":3}},"loc":{"start":{"line":13,"column":16},"end":{"line":28,"column":3}},"line":13}},"branchMap":{"0":{"loc":{"start":{"line":15,"column":4},"end":{"line":27,"column":5}},"type":"if","locations":[{"start":{"line":15,"column":4},"end":{"line":27,"column":5}},{"start":{"line":21,"column":11},"end":{"line":27,"column":5}}],"line":15}},"s":{"0":1,"1":1,"2":1,"3":1,"4":1,"5":1,"6":1,"7":0,"8":0,"9":0,"10":0,"11":1},"f":{"0":0},"b":{"0":[0,0]},"_coverageSchema":"1a1c01bbd47fc00a2c39e90264f33305004495a9","hash":"b450b4a18f9bc13b758ac52d0a720df6dae1b96c"}
,"/Users/mrmiless/IFE/infamous-freight-ai/api/src/routes/billing.js": {"path":"/Users/mrmiless/IFE/infamous-freight-ai/api/src/routes/billing.js","statementMap":{"0":{"start":{"line":1,"column":16},"end":{"line":1,"column":34}},"1":{"start":{"line":2,"column":25},"end":{"line":2,"column":50}},"2":{"start":{"line":9,"column":4},"end":{"line":9,"column":35}},"3":{"start":{"line":11,"column":15},"end":{"line":11,"column":31}},"4":{"start":{"line":12,"column":15},"end":{"line":12,"column":33}},"5":{"start":{"line":18,"column":0},"end":{"line":26,"column":3}},"6":{"start":{"line":19,"column":16},"end":{"line":19,"column":33}},"7":{"start":{"line":20,"column":2},"end":{"line":25,"column":5}},"8":{"start":{"line":32,"column":0},"end":{"line":71,"column":3}},"9":{"start":{"line":33,"column":34},"end":{"line":33,"column":42}},"10":{"start":{"line":35,"column":2},"end":{"line":37,"column":3}},"11":{"start":{"line":36,"column":4},"end":{"line":36,"column":72}},"12":{"start":{"line":39,"column":2},"end":{"line":70,"column":3}},"13":{"start":{"line":40,"column":18},"end":{"line":40,"column":35}},"14":{"start":{"line":41,"column":17},"end":{"line":41,"column":30}},"15":{"start":{"line":43,"column":4},"end":{"line":45,"column":5}},"16":{"start":{"line":44,"column":6},"end":{"line":44,"column":61}},"17":{"start":{"line":48,"column":21},"end":{"line":52,"column":6}},"18":{"start":{"line":56,"column":4},"end":{"line":66,"column":7}},"19":{"start":{"line":68,"column":24},"end":{"line":68,"column":103}},"20":{"start":{"line":69,"column":4},"end":{"line":69,"column":49}},"21":{"start":{"line":77,"column":0},"end":{"line":116,"column":3}},"22":{"start":{"line":78,"column":37},"end":{"line":78,"column":45}},"23":{"start":{"line":80,"column":2},"end":{"line":84,"column":3}},"24":{"start":{"line":81,"column":4},"end":{"line":83,"column":7}},"25":{"start":{"line":86,"column":21},"end":{"line":86,"column":77}},"26":{"start":{"line":87,"column":2},"end":{"line":91,"column":3}},"27":{"start":{"line":88,"column":4},"end":{"line":90,"column":7}},"28":{"start":{"line":93,"column":2},"end":{"line":115,"column":3}},"29":{"start":{"line":95,"column":4},"end":{"line":104,"column":7}},"30":{"start":{"line":106,"column":4},"end":{"line":111,"column":7}},"31":{"start":{"line":113,"column":24},"end":{"line":113,"column":108}},"32":{"start":{"line":114,"column":4},"end":{"line":114,"column":62}},"33":{"start":{"line":122,"column":0},"end":{"line":179,"column":3}},"34":{"start":{"line":123,"column":21},"end":{"line":123,"column":31}},"35":{"start":{"line":124,"column":33},"end":{"line":124,"column":42}},"36":{"start":{"line":126,"column":2},"end":{"line":178,"column":3}},"37":{"start":{"line":128,"column":19},"end":{"line":143,"column":6}},"38":{"start":{"line":146,"column":18},"end":{"line":151,"column":5}},"39":{"start":{"line":153,"column":4},"end":{"line":161,"column":7}},"40":{"start":{"line":154,"column":19},"end":{"line":154,"column":51}},"41":{"start":{"line":155,"column":23},"end":{"line":155,"column":51}},"42":{"start":{"line":157,"column":6},"end":{"line":160,"column":62}},"43":{"start":{"line":157,"column":31},"end":{"line":157,"column":59}},"44":{"start":{"line":158,"column":11},"end":{"line":160,"column":62}},"45":{"start":{"line":158,"column":42},"end":{"line":158,"column":76}},"46":{"start":{"line":159,"column":11},"end":{"line":160,"column":62}},"47":{"start":{"line":159,"column":39},"end":{"line":159,"column":70}},"48":{"start":{"line":160,"column":11},"end":{"line":160,"column":62}},"49":{"start":{"line":160,"column":35},"end":{"line":160,"column":62}},"50":{"start":{"line":163,"column":17},"end":{"line":163,"column":42}},"51":{"start":{"line":165,"column":4},"end":{"line":174,"column":7}},"52":{"start":{"line":176,"column":24},"end":{"line":176,"column":108}},"53":{"start":{"line":177,"column":4},"end":{"line":177,"column":64}},"54":{"start":{"line":185,"column":0},"end":{"line":201,"column":3}},"55":{"start":{"line":186,"column":16},"end":{"line":191,"column":3}},"56":{"start":{"line":193,"column":15},"end":{"line":193,"column":40}},"57":{"start":{"line":195,"column":2},"end":{"line":200,"column":5}},"58":{"start":{"line":203,"column":0},"end":{"line":203,"column":24}},"59":{"start":{"line":210,"column":85},"end":{"line":210,"column":46535}},"60":{"start":{"line":210,"column":89},"end":{"line":210,"column":46507}},"61":{"start":{"line":210,"column":46517},"end":{"line":210,"column":46534}}},"fnMap":{"0":{"name":"(anonymous_0)","decl":{"start":{"line":18,"column":31},"end":{"line":18,"column":32}},"loc":{"start":{"line":18,"column":45},"end":{"line":26,"column":1}},"line":18},"1":{"name":"(anonymous_1)","decl":{"start":{"line":32,"column":34},"end":{"line":32,"column":35}},"loc":{"start":{"line":32,"column":54},"end":{"line":71,"column":1}},"line":32},"2":{"name":"(anonymous_2)","decl":{"start":{"line":77,"column":30},"end":{"line":77,"column":31}},"loc":{"start":{"line":77,"column":50},"end":{"line":116,"column":1}},"line":77},"3":{"name":"(anonymous_3)","decl":{"start":{"line":122,"column":37},"end":{"line":122,"column":38}},"loc":{"start":{"line":122,"column":57},"end":{"line":179,"column":1}},"line":122},"4":{"name":"(anonymous_4)","decl":{"start":{"line":153,"column":19},"end":{"line":153,"column":20}},"loc":{"start":{"line":153,"column":30},"end":{"line":161,"column":5}},"line":153},"5":{"name":"(anonymous_5)","decl":{"start":{"line":185,"column":32},"end":{"line":185,"column":33}},"loc":{"start":{"line":185,"column":46},"end":{"line":201,"column":1}},"line":185},"6":{"name":"oo_cm","decl":{"start":{"line":210,"column":77},"end":{"line":210,"column":82}},"loc":{"start":{"line":210,"column":84},"end":{"line":210,"column":46536}},"line":210}},"branchMap":{"0":{"loc":{"start":{"line":35,"column":2},"end":{"line":37,"column":3}},"type":"if","locations":[{"start":{"line":35,"column":2},"end":{"line":37,"column":3}},{"start":{},"end":{}}],"line":35},"1":{"loc":{"start":{"line":35,"column":6},"end":{"line":35,"column":23}},"type":"binary-expr","locations":[{"start":{"line":35,"column":6},"end":{"line":35,"column":12}},{"start":{"line":35,"column":16},"end":{"line":35,"column":23}}],"line":35},"2":{"loc":{"start":{"line":43,"column":4},"end":{"line":45,"column":5}},"type":"if","locations":[{"start":{"line":43,"column":4},"end":{"line":45,"column":5}},{"start":{},"end":{}}],"line":43},"3":{"loc":{"start":{"line":50,"column":12},"end":{"line":50,"column":39}},"type":"binary-expr","locations":[{"start":{"line":50,"column":12},"end":{"line":50,"column":16}},{"start":{"line":50,"column":20},"end":{"line":50,"column":39}}],"line":50},"4":{"loc":{"start":{"line":80,"column":2},"end":{"line":84,"column":3}},"type":"if","locations":[{"start":{"line":80,"column":2},"end":{"line":84,"column":3}},{"start":{},"end":{}}],"line":80},"5":{"loc":{"start":{"line":80,"column":6},"end":{"line":80,"column":35}},"type":"binary-expr","locations":[{"start":{"line":80,"column":6},"end":{"line":80,"column":13}},{"start":{"line":80,"column":17},"end":{"line":80,"column":22}},{"start":{"line":80,"column":26},"end":{"line":80,"column":35}}],"line":80},"6":{"loc":{"start":{"line":87,"column":2},"end":{"line":91,"column":3}},"type":"if","locations":[{"start":{"line":87,"column":2},"end":{"line":91,"column":3}},{"start":{},"end":{}}],"line":87},"7":{"loc":{"start":{"line":135,"column":12},"end":{"line":137,"column":9}},"type":"binary-expr","locations":[{"start":{"line":135,"column":12},"end":{"line":135,"column":21}},{"start":{"line":135,"column":25},"end":{"line":137,"column":9}}],"line":135},"8":{"loc":{"start":{"line":138,"column":12},"end":{"line":140,"column":9}},"type":"binary-expr","locations":[{"start":{"line":138,"column":12},"end":{"line":138,"column":19}},{"start":{"line":138,"column":23},"end":{"line":140,"column":9}}],"line":138},"9":{"loc":{"start":{"line":155,"column":23},"end":{"line":155,"column":51}},"type":"binary-expr","locations":[{"start":{"line":155,"column":23},"end":{"line":155,"column":46}},{"start":{"line":155,"column":50},"end":{"line":155,"column":51}}],"line":155},"10":{"loc":{"start":{"line":157,"column":6},"end":{"line":160,"column":62}},"type":"if","locations":[{"start":{"line":157,"column":6},"end":{"line":160,"column":62}},{"start":{"line":158,"column":11},"end":{"line":160,"column":62}}],"line":157},"11":{"loc":{"start":{"line":158,"column":11},"end":{"line":160,"column":62}},"type":"if","locations":[{"start":{"line":158,"column":11},"end":{"line":160,"column":62}},{"start":{"line":159,"column":11},"end":{"line":160,"column":62}}],"line":158},"12":{"loc":{"start":{"line":159,"column":11},"end":{"line":160,"column":62}},"type":"if","locations":[{"start":{"line":159,"column":11},"end":{"line":160,"column":62}},{"start":{"line":160,"column":11},"end":{"line":160,"column":62}}],"line":159},"13":{"loc":{"start":{"line":160,"column":11},"end":{"line":160,"column":62}},"type":"if","locations":[{"start":{"line":160,"column":11},"end":{"line":160,"column":62}},{"start":{},"end":{}}],"line":160},"14":{"loc":{"start":{"line":169,"column":15},"end":{"line":169,"column":49}},"type":"binary-expr","locations":[{"start":{"line":169,"column":15},"end":{"line":169,"column":24}},{"start":{"line":169,"column":28},"end":{"line":169,"column":49}}],"line":169},"15":{"loc":{"start":{"line":170,"column":13},"end":{"line":170,"column":29}},"type":"binary-expr","locations":[{"start":{"line":170,"column":13},"end":{"line":170,"column":20}},{"start":{"line":170,"column":24},"end":{"line":170,"column":29}}],"line":170},"16":{"loc":{"start":{"line":187,"column":15},"end":{"line":187,"column":49}},"type":"binary-expr","locations":[{"start":{"line":187,"column":15},"end":{"line":187,"column":44}},{"start":{"line":187,"column":48},"end":{"line":187,"column":49}}],"line":187},"17":{"loc":{"start":{"line":188,"column":21},"end":{"line":188,"column":61}},"type":"binary-expr","locations":[{"start":{"line":188,"column":21},"end":{"line":188,"column":56}},{"start":{"line":188,"column":60},"end":{"line":188,"column":61}}],"line":188},"18":{"loc":{"start":{"line":189,"column":18},"end":{"line":189,"column":55}},"type":"binary-expr","locations":[{"start":{"line":189,"column":18},"end":{"line":189,"column":50}},{"start":{"line":189,"column":54},"end":{"line":189,"column":55}}],"line":189},"19":{"loc":{"start":{"line":190,"column":14},"end":{"line":190,"column":47}},"type":"binary-expr","locations":[{"start":{"line":190,"column":14},"end":{"line":190,"column":42}},{"start":{"line":190,"column":46},"end":{"line":190,"column":47}}],"line":190},"20":{"loc":{"start":{"line":210,"column":96},"end":{"line":210,"column":46506}},"type":"binary-expr","locations":[{"start":{"line":210,"column":96},"end":{"line":210,"column":133}},{"start":{"line":210,"column":137},"end":{"line":210,"column":46506}}],"line":210}},"s":{"0":1,"1":1,"2":1,"3":1,"4":1,"5":1,"6":0,"7":0,"8":1,"9":0,"10":0,"11":0,"12":0,"13":0,"14":0,"15":0,"16":0,"17":0,"18":0,"19":0,"20":0,"21":1,"22":0,"23":0,"24":0,"25":0,"26":0,"27":0,"28":0,"29":0,"30":0,"31":0,"32":0,"33":1,"34":0,"35":0,"36":0,"37":0,"38":0,"39":0,"40":0,"41":0,"42":0,"43":0,"44":0,"45":0,"46":0,"47":0,"48":0,"49":0,"50":0,"51":0,"52":0,"53":0,"54":1,"55":0,"56":0,"57":0,"58":1,"59":0,"60":0,"61":0},"f":{"0":0,"1":0,"2":0,"3":0,"4":0,"5":0,"6":0},"b":{"0":[0,0],"1":[0,0],"2":[0,0],"3":[0,0],"4":[0,0],"5":[0,0,0],"6":[0,0],"7":[0,0],"8":[0,0],"9":[0,0],"10":[0,0],"11":[0,0],"12":[0,0],"13":[0,0],"14":[0,0],"15":[0,0],"16":[0,0],"17":[0,0],"18":[0,0],"19":[0,0],"20":[0,0]},"_coverageSchema":"1a1c01bbd47fc00a2c39e90264f33305004495a9","hash":"bce9a27b65aad8c6f3f15d2c473828c714014569"}
,"/Users/mrmiless/IFE/infamous-freight-ai/api/src/routes/health.js": {"path":"/Users/mrmiless/IFE/infamous-freight-ai/api/src/routes/health.js","statementMap":{"0":{"start":{"line":1,"column":16},"end":{"line":1,"column":34}},"1":{"start":{"line":2,"column":15},"end":{"line":2,"column":31}},"2":{"start":{"line":4,"column":0},"end":{"line":6,"column":3}},"3":{"start":{"line":5,"column":2},"end":{"line":5,"column":73}},"4":{"start":{"line":8,"column":0},"end":{"line":16,"column":3}},"5":{"start":{"line":9,"column":16},"end":{"line":9,"column":37}},"6":{"start":{"line":10,"column":2},"end":{"line":15,"column":5}},"7":{"start":{"line":18,"column":0},"end":{"line":18,"column":24}}},"fnMap":{"0":{"name":"(anonymous_0)","decl":{"start":{"line":4,"column":22},"end":{"line":4,"column":23}},"loc":{"start":{"line":4,"column":36},"end":{"line":6,"column":1}},"line":4},"1":{"name":"(anonymous_1)","decl":{"start":{"line":8,"column":27},"end":{"line":8,"column":28}},"loc":{"start":{"line":8,"column":41},"end":{"line":16,"column":1}},"line":8}},"branchMap":{},"s":{"0":1,"1":1,"2":1,"3":1,"4":1,"5":0,"6":0,"7":1},"f":{"0":1,"1":0},"b":{},"_coverageSchema":"1a1c01bbd47fc00a2c39e90264f33305004495a9","hash":"71c5334b219d08f346d60a35647c2483a8a1cd31"}
,"/Users/mrmiless/IFE/infamous-freight-ai/api/src/routes/payments.js": {"path":"/Users/mrmiless/IFE/infamous-freight-ai/api/src/routes/payments.js","statementMap":{"0":{"start":{"line":1,"column":16},"end":{"line":1,"column":34}},"1":{"start":{"line":2,"column":19},"end":{"line":2,"column":55}},"2":{"start":{"line":3,"column":19},"end":{"line":3,"column":54}},"3":{"start":{"line":4,"column":18},"end":{"line":4,"column":52}},"4":{"start":{"line":5,"column":14},"end":{"line":5,"column":44}},"5":{"start":{"line":11,"column":4},"end":{"line":11,"column":35}},"6":{"start":{"line":13,"column":15},"end":{"line":13,"column":31}},"7":{"start":{"line":14,"column":23},"end":{"line":14,"column":56}},"8":{"start":{"line":16,"column":0},"end":{"line":43,"column":2}},"9":{"start":{"line":23,"column":43},"end":{"line":23,"column":57}},"10":{"start":{"line":24,"column":4},"end":{"line":26,"column":5}},"11":{"start":{"line":25,"column":6},"end":{"line":25,"column":76}},"12":{"start":{"line":28,"column":4},"end":{"line":41,"column":5}},"13":{"start":{"line":29,"column":21},"end":{"line":29,"column":77}},"14":{"start":{"line":30,"column":6},"end":{"line":34,"column":9}},"15":{"start":{"line":36,"column":6},"end":{"line":38,"column":7}},"16":{"start":{"line":37,"column":8},"end":{"line":37,"column":79}},"17":{"start":{"line":39,"column":26},"end":{"line":39,"column":104}},"18":{"start":{"line":40,"column":6},"end":{"line":40,"column":73}},"19":{"start":{"line":45,"column":0},"end":{"line":68,"column":2}},"20":{"start":{"line":52,"column":46},"end":{"line":52,"column":60}},"21":{"start":{"line":53,"column":4},"end":{"line":55,"column":5}},"22":{"start":{"line":54,"column":6},"end":{"line":54,"column":67}},"23":{"start":{"line":57,"column":4},"end":{"line":66,"column":5}},"24":{"start":{"line":58,"column":20},"end":{"line":58,"column":78}},"25":{"start":{"line":59,"column":6},"end":{"line":59,"column":36}},"26":{"start":{"line":61,"column":6},"end":{"line":63,"column":7}},"27":{"start":{"line":62,"column":8},"end":{"line":62,"column":79}},"28":{"start":{"line":64,"column":26},"end":{"line":64,"column":103}},"29":{"start":{"line":65,"column":6},"end":{"line":65,"column":71}},"30":{"start":{"line":70,"column":0},"end":{"line":87,"column":2}},"31":{"start":{"line":76,"column":4},"end":{"line":85,"column":5}},"32":{"start":{"line":77,"column":22},"end":{"line":77,"column":66}},"33":{"start":{"line":78,"column":6},"end":{"line":78,"column":38}},"34":{"start":{"line":80,"column":6},"end":{"line":82,"column":7}},"35":{"start":{"line":81,"column":8},"end":{"line":81,"column":79}},"36":{"start":{"line":83,"column":26},"end":{"line":83,"column":105}},"37":{"start":{"line":84,"column":6},"end":{"line":84,"column":72}},"38":{"start":{"line":89,"column":0},"end":{"line":94,"column":3}},"39":{"start":{"line":90,"column":20},"end":{"line":90,"column":51}},"40":{"start":{"line":91,"column":16},"end":{"line":91,"column":55}},"41":{"start":{"line":92,"column":22},"end":{"line":92,"column":116}},"42":{"start":{"line":93,"column":2},"end":{"line":93,"column":25}},"43":{"start":{"line":96,"column":0},"end":{"line":99,"column":3}},"44":{"start":{"line":97,"column":22},"end":{"line":97,"column":121}},"45":{"start":{"line":98,"column":2},"end":{"line":98,"column":25}},"46":{"start":{"line":101,"column":0},"end":{"line":101,"column":24}},"47":{"start":{"line":108,"column":85},"end":{"line":108,"column":46535}},"48":{"start":{"line":108,"column":89},"end":{"line":108,"column":46507}},"49":{"start":{"line":108,"column":46517},"end":{"line":108,"column":46534}}},"fnMap":{"0":{"name":"(anonymous_0)","decl":{"start":{"line":22,"column":2},"end":{"line":22,"column":3}},"loc":{"start":{"line":22,"column":22},"end":{"line":42,"column":3}},"line":22},"1":{"name":"(anonymous_1)","decl":{"start":{"line":51,"column":2},"end":{"line":51,"column":3}},"loc":{"start":{"line":51,"column":22},"end":{"line":67,"column":3}},"line":51},"2":{"name":"(anonymous_2)","decl":{"start":{"line":75,"column":2},"end":{"line":75,"column":3}},"loc":{"start":{"line":75,"column":22},"end":{"line":86,"column":3}},"line":75},"3":{"name":"(anonymous_3)","decl":{"start":{"line":89,"column":47},"end":{"line":89,"column":48}},"loc":{"start":{"line":89,"column":61},"end":{"line":94,"column":1}},"line":89},"4":{"name":"(anonymous_4)","decl":{"start":{"line":96,"column":47},"end":{"line":96,"column":48}},"loc":{"start":{"line":96,"column":61},"end":{"line":99,"column":1}},"line":96},"5":{"name":"oo_cm","decl":{"start":{"line":108,"column":77},"end":{"line":108,"column":82}},"loc":{"start":{"line":108,"column":84},"end":{"line":108,"column":46536}},"line":108}},"branchMap":{"0":{"loc":{"start":{"line":23,"column":43},"end":{"line":23,"column":57}},"type":"binary-expr","locations":[{"start":{"line":23,"column":43},"end":{"line":23,"column":51}},{"start":{"line":23,"column":55},"end":{"line":23,"column":57}}],"line":23},"1":{"loc":{"start":{"line":24,"column":4},"end":{"line":26,"column":5}},"type":"if","locations":[{"start":{"line":24,"column":4},"end":{"line":26,"column":5}},{"start":{},"end":{}}],"line":24},"2":{"loc":{"start":{"line":36,"column":6},"end":{"line":38,"column":7}},"type":"if","locations":[{"start":{"line":36,"column":6},"end":{"line":38,"column":7}},{"start":{},"end":{}}],"line":36},"3":{"loc":{"start":{"line":52,"column":46},"end":{"line":52,"column":60}},"type":"binary-expr","locations":[{"start":{"line":52,"column":46},"end":{"line":52,"column":54}},{"start":{"line":52,"column":58},"end":{"line":52,"column":60}}],"line":52},"4":{"loc":{"start":{"line":53,"column":4},"end":{"line":55,"column":5}},"type":"if","locations":[{"start":{"line":53,"column":4},"end":{"line":55,"column":5}},{"start":{},"end":{}}],"line":53},"5":{"loc":{"start":{"line":61,"column":6},"end":{"line":63,"column":7}},"type":"if","locations":[{"start":{"line":61,"column":6},"end":{"line":63,"column":7}},{"start":{},"end":{}}],"line":61},"6":{"loc":{"start":{"line":80,"column":6},"end":{"line":82,"column":7}},"type":"if","locations":[{"start":{"line":80,"column":6},"end":{"line":82,"column":7}},{"start":{},"end":{}}],"line":80},"7":{"loc":{"start":{"line":108,"column":96},"end":{"line":108,"column":46506}},"type":"binary-expr","locations":[{"start":{"line":108,"column":96},"end":{"line":108,"column":133}},{"start":{"line":108,"column":137},"end":{"line":108,"column":46506}}],"line":108}},"s":{"0":1,"1":1,"2":1,"3":1,"4":1,"5":1,"6":1,"7":1,"8":1,"9":0,"10":0,"11":0,"12":0,"13":0,"14":0,"15":0,"16":0,"17":0,"18":0,"19":1,"20":0,"21":0,"22":0,"23":0,"24":0,"25":0,"26":0,"27":0,"28":0,"29":0,"30":1,"31":0,"32":0,"33":0,"34":0,"35":0,"36":0,"37":0,"38":1,"39":0,"40":0,"41":0,"42":0,"43":1,"44":0,"45":0,"46":1,"47":0,"48":0,"49":0},"f":{"0":0,"1":0,"2":0,"3":0,"4":0,"5":0},"b":{"0":[0,0],"1":[0,0],"2":[0,0],"3":[0,0],"4":[0,0],"5":[0,0],"6":[0,0],"7":[0,0]},"_coverageSchema":"1a1c01bbd47fc00a2c39e90264f33305004495a9","hash":"f37069967590a2bd7a0078c4341ec002e57ba01a"}
,"/Users/mrmiless/IFE/infamous-freight-ai/api/src/services/aiMaintenance.js": {"path":"/Users/mrmiless/IFE/infamous-freight-ai/api/src/services/aiMaintenance.js","statementMap":{"0":{"start":{"line":1,"column":11},"end":{"line":1,"column":24}},"1":{"start":{"line":2,"column":13},"end":{"line":2,"column":28}},"2":{"start":{"line":6,"column":25},"end":{"line":6,"column":76}},"3":{"start":{"line":7,"column":2},"end":{"line":17,"column":3}},"4":{"start":{"line":8,"column":20},"end":{"line":8,"column":60}},"5":{"start":{"line":9,"column":18},"end":{"line":9,"column":37}},"6":{"start":{"line":10,"column":17},"end":{"line":12,"column":49}},"7":{"start":{"line":11,"column":19},"end":{"line":11,"column":37}},"8":{"start":{"line":12,"column":21},"end":{"line":12,"column":48}},"9":{"start":{"line":13,"column":4},"end":{"line":13,"column":16}},"10":{"start":{"line":15,"column":24},"end":{"line":15,"column":119}},"11":{"start":{"line":16,"column":4},"end":{"line":16,"column":14}},"12":{"start":{"line":22,"column":23},"end":{"line":22,"column":43}},"13":{"start":{"line":23,"column":18},"end":{"line":23,"column":20}},"14":{"start":{"line":24,"column":18},"end":{"line":24,"column":20}},"15":{"start":{"line":26,"column":2},"end":{"line":32,"column":3}},"16":{"start":{"line":27,"column":4},"end":{"line":31,"column":5}},"17":{"start":{"line":28,"column":6},"end":{"line":28,"column":24}},"18":{"start":{"line":30,"column":6},"end":{"line":30,"column":24}},"19":{"start":{"line":34,"column":18},"end":{"line":34,"column":38}},"20":{"start":{"line":36,"column":2},"end":{"line":44,"column":4}},"21":{"start":{"line":47,"column":0},"end":{"line":47,"column":61}},"22":{"start":{"line":54,"column":85},"end":{"line":54,"column":46535}},"23":{"start":{"line":54,"column":89},"end":{"line":54,"column":46507}},"24":{"start":{"line":54,"column":46517},"end":{"line":54,"column":46534}}},"fnMap":{"0":{"name":"getRequiredEnvKeys","decl":{"start":{"line":5,"column":9},"end":{"line":5,"column":27}},"loc":{"start":{"line":5,"column":30},"end":{"line":18,"column":1}},"line":5},"1":{"name":"(anonymous_1)","decl":{"start":{"line":11,"column":11},"end":{"line":11,"column":12}},"loc":{"start":{"line":11,"column":19},"end":{"line":11,"column":37}},"line":11},"2":{"name":"(anonymous_2)","decl":{"start":{"line":12,"column":14},"end":{"line":12,"column":15}},"loc":{"start":{"line":12,"column":21},"end":{"line":12,"column":48}},"line":12},"3":{"name":"validateEnvironment","decl":{"start":{"line":21,"column":9},"end":{"line":21,"column":28}},"loc":{"start":{"line":21,"column":31},"end":{"line":45,"column":1}},"line":21},"4":{"name":"oo_cm","decl":{"start":{"line":54,"column":77},"end":{"line":54,"column":82}},"loc":{"start":{"line":54,"column":84},"end":{"line":54,"column":46536}},"line":54}},"branchMap":{"0":{"loc":{"start":{"line":12,"column":21},"end":{"line":12,"column":48}},"type":"binary-expr","locations":[{"start":{"line":12,"column":21},"end":{"line":12,"column":24}},{"start":{"line":12,"column":28},"end":{"line":12,"column":48}}],"line":12},"1":{"loc":{"start":{"line":27,"column":4},"end":{"line":31,"column":5}},"type":"if","locations":[{"start":{"line":27,"column":4},"end":{"line":31,"column":5}},{"start":{"line":29,"column":11},"end":{"line":31,"column":5}}],"line":27},"2":{"loc":{"start":{"line":27,"column":8},"end":{"line":27,"column":59}},"type":"binary-expr","locations":[{"start":{"line":27,"column":8},"end":{"line":27,"column":25}},{"start":{"line":27,"column":29},"end":{"line":27,"column":59}}],"line":27},"3":{"loc":{"start":{"line":54,"column":96},"end":{"line":54,"column":46506}},"type":"binary-expr","locations":[{"start":{"line":54,"column":96},"end":{"line":54,"column":133}},{"start":{"line":54,"column":137},"end":{"line":54,"column":46506}}],"line":54}},"s":{"0":1,"1":1,"2":0,"3":0,"4":0,"5":0,"6":0,"7":0,"8":0,"9":0,"10":0,"11":0,"12":0,"13":0,"14":0,"15":0,"16":0,"17":0,"18":0,"19":0,"20":0,"21":1,"22":0,"23":0,"24":0},"f":{"0":0,"1":0,"2":0,"3":0,"4":0},"b":{"0":[0,0],"1":[0,0],"2":[0,0],"3":[0,0]},"_coverageSchema":"1a1c01bbd47fc00a2c39e90264f33305004495a9","hash":"b0e9e3162955e33746730315cf433590ca6fbafd"}
,"/Users/mrmiless/IFE/infamous-freight-ai/api/src/services/aiSyntheticClient.js": {"path":"/Users/mrmiless/IFE/infamous-freight-ai/api/src/services/aiSyntheticClient.js","statementMap":{"0":{"start":{"line":1,"column":14},"end":{"line":1,"column":30}},"1":{"start":{"line":3,"column":12},"end":{"line":3,"column":47}},"2":{"start":{"line":4,"column":15},"end":{"line":4,"column":47}},"3":{"start":{"line":5,"column":21},"end":{"line":5,"column":61}},"4":{"start":{"line":8,"column":15},"end":{"line":12,"column":3}},"5":{"start":{"line":14,"column":14},"end":{"line":20,"column":4}},"6":{"start":{"line":22,"column":2},"end":{"line":22,"column":18}},"7":{"start":{"line":25,"column":0},"end":{"line":25,"column":33}}},"fnMap":{"0":{"name":"sendCommand","decl":{"start":{"line":7,"column":15},"end":{"line":7,"column":26}},"loc":{"start":{"line":7,"column":56},"end":{"line":23,"column":1}},"line":7}},"branchMap":{"0":{"loc":{"start":{"line":5,"column":21},"end":{"line":5,"column":61}},"type":"binary-expr","locations":[{"start":{"line":5,"column":21},"end":{"line":5,"column":49}},{"start":{"line":5,"column":53},"end":{"line":5,"column":61}}],"line":5},"1":{"loc":{"start":{"line":7,"column":45},"end":{"line":7,"column":54}},"type":"default-arg","locations":[{"start":{"line":7,"column":52},"end":{"line":7,"column":54}}],"line":7}},"s":{"0":1,"1":1,"2":1,"3":1,"4":0,"5":0,"6":0,"7":1},"f":{"0":0},"b":{"0":[1,1],"1":[0]},"_coverageSchema":"1a1c01bbd47fc00a2c39e90264f33305004495a9","hash":"30c9a1c4ed869ac8be8a54b01e1fb0f3b19d89db"}
,"/Users/mrmiless/IFE/infamous-freight-ai/api/src/services/payments.js": {"path":"/Users/mrmiless/IFE/infamous-freight-ai/api/src/services/payments.js","statementMap":{"0":{"start":{"line":1,"column":15},"end":{"line":1,"column":32}},"1":{"start":{"line":2,"column":18},"end":{"line":2,"column":56}},"2":{"start":{"line":7,"column":21},"end":{"line":7,"column":50}},"3":{"start":{"line":8,"column":23},"end":{"line":8,"column":51}},"4":{"start":{"line":9,"column":27},"end":{"line":9,"column":59}},"5":{"start":{"line":10,"column":18},"end":{"line":10,"column":69}},"6":{"start":{"line":13,"column":2},"end":{"line":15,"column":3}},"7":{"start":{"line":14,"column":4},"end":{"line":14,"column":16}},"8":{"start":{"line":16,"column":2},"end":{"line":20,"column":3}},"9":{"start":{"line":17,"column":4},"end":{"line":19,"column":7}},"10":{"start":{"line":21,"column":2},"end":{"line":21,"column":22}},"11":{"start":{"line":25,"column":2},"end":{"line":27,"column":3}},"12":{"start":{"line":26,"column":4},"end":{"line":26,"column":16}},"13":{"start":{"line":28,"column":2},"end":{"line":35,"column":3}},"14":{"start":{"line":30,"column":6},"end":{"line":32,"column":43}},"15":{"start":{"line":33,"column":24},"end":{"line":33,"column":75}},"16":{"start":{"line":34,"column":4},"end":{"line":34,"column":68}},"17":{"start":{"line":36,"column":2},"end":{"line":36,"column":22}},"18":{"start":{"line":40,"column":17},"end":{"line":40,"column":34}},"19":{"start":{"line":41,"column":2},"end":{"line":43,"column":3}},"20":{"start":{"line":42,"column":4},"end":{"line":42,"column":45}},"21":{"start":{"line":44,"column":2},"end":{"line":49,"column":5}},"22":{"start":{"line":53,"column":17},"end":{"line":53,"column":34}},"23":{"start":{"line":54,"column":2},"end":{"line":56,"column":3}},"24":{"start":{"line":55,"column":4},"end":{"line":55,"column":45}},"25":{"start":{"line":57,"column":18},"end":{"line":57,"column":60}},"26":{"start":{"line":58,"column":2},"end":{"line":69,"column":5}},"27":{"start":{"line":71,"column":19},"end":{"line":71,"column":48}},"28":{"start":{"line":72,"column":2},"end":{"line":72,"column":25}},"29":{"start":{"line":76,"column":17},"end":{"line":76,"column":34}},"30":{"start":{"line":77,"column":2},"end":{"line":79,"column":3}},"31":{"start":{"line":78,"column":4},"end":{"line":78,"column":45}},"32":{"start":{"line":80,"column":18},"end":{"line":80,"column":68}},"33":{"start":{"line":81,"column":2},"end":{"line":81,"column":26}},"34":{"start":{"line":82,"column":19},"end":{"line":82,"column":48}},"35":{"start":{"line":83,"column":2},"end":{"line":83,"column":25}},"36":{"start":{"line":87,"column":17},"end":{"line":87,"column":34}},"37":{"start":{"line":88,"column":24},"end":{"line":88,"column":57}},"38":{"start":{"line":90,"column":2},"end":{"line":92,"column":3}},"39":{"start":{"line":91,"column":4},"end":{"line":91,"column":54}},"40":{"start":{"line":97,"column":2},"end":{"line":105,"column":3}},"41":{"start":{"line":98,"column":4},"end":{"line":102,"column":6}},"42":{"start":{"line":104,"column":4},"end":{"line":104,"column":71}},"43":{"start":{"line":112,"column":17},"end":{"line":112,"column":34}},"44":{"start":{"line":113,"column":2},"end":{"line":115,"column":3}},"45":{"start":{"line":114,"column":4},"end":{"line":114,"column":45}},"46":{"start":{"line":117,"column":20},"end":{"line":117,"column":68}},"47":{"start":{"line":119,"column":2},"end":{"line":121,"column":3}},"48":{"start":{"line":120,"column":4},"end":{"line":120,"column":29}},"49":{"start":{"line":123,"column":2},"end":{"line":123,"column":60}},"50":{"start":{"line":130,"column":17},"end":{"line":130,"column":34}},"51":{"start":{"line":131,"column":2},"end":{"line":133,"column":3}},"52":{"start":{"line":132,"column":4},"end":{"line":132,"column":45}},"53":{"start":{"line":135,"column":2},"end":{"line":141,"column":5}},"54":{"start":{"line":148,"column":2},"end":{"line":174,"column":4}},"55":{"start":{"line":181,"column":16},"end":{"line":186,"column":3}},"56":{"start":{"line":188,"column":14},"end":{"line":188,"column":15}},"57":{"start":{"line":189,"column":18},"end":{"line":189,"column":20}},"58":{"start":{"line":191,"column":2},"end":{"line":198,"column":5}},"59":{"start":{"line":192,"column":4},"end":{"line":197,"column":5}},"60":{"start":{"line":193,"column":23},"end":{"line":193,"column":53}},"61":{"start":{"line":194,"column":19},"end":{"line":194,"column":40}},"62":{"start":{"line":195,"column":6},"end":{"line":195,"column":20}},"63":{"start":{"line":196,"column":6},"end":{"line":196,"column":60}},"64":{"start":{"line":200,"column":2},"end":{"line":200,"column":78}},"65":{"start":{"line":203,"column":0},"end":{"line":212,"column":2}}},"fnMap":{"0":{"name":"getStripeClient","decl":{"start":{"line":12,"column":9},"end":{"line":12,"column":24}},"loc":{"start":{"line":12,"column":27},"end":{"line":22,"column":1}},"line":12},"1":{"name":"getPayPalClient","decl":{"start":{"line":24,"column":9},"end":{"line":24,"column":24}},"loc":{"start":{"line":24,"column":27},"end":{"line":37,"column":1}},"line":24},"2":{"name":"createStripeIntent","decl":{"start":{"line":39,"column":15},"end":{"line":39,"column":33}},"loc":{"start":{"line":39,"column":79},"end":{"line":50,"column":1}},"line":39},"3":{"name":"createPayPalOrder","decl":{"start":{"line":52,"column":15},"end":{"line":52,"column":32}},"loc":{"start":{"line":52,"column":76},"end":{"line":73,"column":1}},"line":52},"4":{"name":"capturePayPalOrder","decl":{"start":{"line":75,"column":15},"end":{"line":75,"column":33}},"loc":{"start":{"line":75,"column":43},"end":{"line":84,"column":1}},"line":75},"5":{"name":"buildStripeWebhook","decl":{"start":{"line":86,"column":9},"end":{"line":86,"column":27}},"loc":{"start":{"line":86,"column":53},"end":{"line":106,"column":1}},"line":86},"6":{"name":"getOrCreateStripeCustomer","decl":{"start":{"line":111,"column":15},"end":{"line":111,"column":40}},"loc":{"start":{"line":111,"column":73},"end":{"line":124,"column":1}},"line":111},"7":{"name":"createStripeSubscription","decl":{"start":{"line":129,"column":15},"end":{"line":129,"column":39}},"loc":{"start":{"line":129,"column":81},"end":{"line":142,"column":1}},"line":129},"8":{"name":"getPricingTiers","decl":{"start":{"line":147,"column":9},"end":{"line":147,"column":24}},"loc":{"start":{"line":147,"column":27},"end":{"line":175,"column":1}},"line":147},"9":{"name":"calculateUsageCost","decl":{"start":{"line":180,"column":9},"end":{"line":180,"column":27}},"loc":{"start":{"line":180,"column":35},"end":{"line":201,"column":1}},"line":180},"10":{"name":"(anonymous_10)","decl":{"start":{"line":191,"column":29},"end":{"line":191,"column":30}},"loc":{"start":{"line":191,"column":38},"end":{"line":198,"column":3}},"line":191}},"branchMap":{"0":{"loc":{"start":{"line":10,"column":19},"end":{"line":10,"column":54}},"type":"binary-expr","locations":[{"start":{"line":10,"column":19},"end":{"line":10,"column":41}},{"start":{"line":10,"column":45},"end":{"line":10,"column":54}}],"line":10},"1":{"loc":{"start":{"line":13,"column":2},"end":{"line":15,"column":3}},"type":"if","locations":[{"start":{"line":13,"column":2},"end":{"line":15,"column":3}},{"start":{},"end":{}}],"line":13},"2":{"loc":{"start":{"line":16,"column":2},"end":{"line":20,"column":3}},"type":"if","locations":[{"start":{"line":16,"column":2},"end":{"line":20,"column":3}},{"start":{},"end":{}}],"line":16},"3":{"loc":{"start":{"line":25,"column":2},"end":{"line":27,"column":3}},"type":"if","locations":[{"start":{"line":25,"column":2},"end":{"line":27,"column":3}},{"start":{},"end":{}}],"line":25},"4":{"loc":{"start":{"line":25,"column":6},"end":{"line":25,"column":44}},"type":"binary-expr","locations":[{"start":{"line":25,"column":6},"end":{"line":25,"column":21}},{"start":{"line":25,"column":25},"end":{"line":25,"column":44}}],"line":25},"5":{"loc":{"start":{"line":28,"column":2},"end":{"line":35,"column":3}},"type":"if","locations":[{"start":{"line":28,"column":2},"end":{"line":35,"column":3}},{"start":{},"end":{}}],"line":28},"6":{"loc":{"start":{"line":30,"column":6},"end":{"line":32,"column":43}},"type":"cond-expr","locations":[{"start":{"line":31,"column":10},"end":{"line":31,"column":40}},{"start":{"line":32,"column":10},"end":{"line":32,"column":43}}],"line":30},"7":{"loc":{"start":{"line":39,"column":44},"end":{"line":39,"column":60}},"type":"default-arg","locations":[{"start":{"line":39,"column":55},"end":{"line":39,"column":60}}],"line":39},"8":{"loc":{"start":{"line":39,"column":62},"end":{"line":39,"column":75}},"type":"default-arg","locations":[{"start":{"line":39,"column":73},"end":{"line":39,"column":75}}],"line":39},"9":{"loc":{"start":{"line":41,"column":2},"end":{"line":43,"column":3}},"type":"if","locations":[{"start":{"line":41,"column":2},"end":{"line":43,"column":3}},{"start":{},"end":{}}],"line":41},"10":{"loc":{"start":{"line":52,"column":43},"end":{"line":52,"column":59}},"type":"default-arg","locations":[{"start":{"line":52,"column":54},"end":{"line":52,"column":59}}],"line":52},"11":{"loc":{"start":{"line":54,"column":2},"end":{"line":56,"column":3}},"type":"if","locations":[{"start":{"line":54,"column":2},"end":{"line":56,"column":3}},{"start":{},"end":{}}],"line":54},"12":{"loc":{"start":{"line":77,"column":2},"end":{"line":79,"column":3}},"type":"if","locations":[{"start":{"line":77,"column":2},"end":{"line":79,"column":3}},{"start":{},"end":{}}],"line":77},"13":{"loc":{"start":{"line":90,"column":2},"end":{"line":92,"column":3}},"type":"if","locations":[{"start":{"line":90,"column":2},"end":{"line":92,"column":3}},{"start":{},"end":{}}],"line":90},"14":{"loc":{"start":{"line":90,"column":6},"end":{"line":90,"column":31}},"type":"binary-expr","locations":[{"start":{"line":90,"column":6},"end":{"line":90,"column":13}},{"start":{"line":90,"column":17},"end":{"line":90,"column":31}}],"line":90},"15":{"loc":{"start":{"line":111,"column":56},"end":{"line":111,"column":69}},"type":"default-arg","locations":[{"start":{"line":111,"column":67},"end":{"line":111,"column":69}}],"line":111},"16":{"loc":{"start":{"line":113,"column":2},"end":{"line":115,"column":3}},"type":"if","locations":[{"start":{"line":113,"column":2},"end":{"line":115,"column":3}},{"start":{},"end":{}}],"line":113},"17":{"loc":{"start":{"line":119,"column":2},"end":{"line":121,"column":3}},"type":"if","locations":[{"start":{"line":119,"column":2},"end":{"line":121,"column":3}},{"start":{},"end":{}}],"line":119},"18":{"loc":{"start":{"line":129,"column":63},"end":{"line":129,"column":77}},"type":"default-arg","locations":[{"start":{"line":129,"column":75},"end":{"line":129,"column":77}}],"line":129},"19":{"loc":{"start":{"line":131,"column":2},"end":{"line":133,"column":3}},"type":"if","locations":[{"start":{"line":131,"column":2},"end":{"line":133,"column":3}},{"start":{},"end":{}}],"line":131},"20":{"loc":{"start":{"line":192,"column":4},"end":{"line":197,"column":5}},"type":"if","locations":[{"start":{"line":192,"column":4},"end":{"line":197,"column":5}},{"start":{},"end":{}}],"line":192},"21":{"loc":{"start":{"line":192,"column":8},"end":{"line":192,"column":38}},"type":"binary-expr","locations":[{"start":{"line":192,"column":8},"end":{"line":192,"column":24}},{"start":{"line":192,"column":28},"end":{"line":192,"column":38}}],"line":192},"22":{"loc":{"start":{"line":193,"column":23},"end":{"line":193,"column":53}},"type":"binary-expr","locations":[{"start":{"line":193,"column":23},"end":{"line":193,"column":39}},{"start":{"line":193,"column":43},"end":{"line":193,"column":53}}],"line":193}},"s":{"0":1,"1":1,"2":1,"3":1,"4":1,"5":1,"6":0,"7":0,"8":0,"9":0,"10":0,"11":0,"12":0,"13":0,"14":0,"15":0,"16":0,"17":0,"18":0,"19":0,"20":0,"21":0,"22":0,"23":0,"24":0,"25":0,"26":0,"27":0,"28":0,"29":0,"30":0,"31":0,"32":0,"33":0,"34":0,"35":0,"36":0,"37":0,"38":0,"39":0,"40":0,"41":0,"42":0,"43":0,"44":0,"45":0,"46":0,"47":0,"48":0,"49":0,"50":0,"51":0,"52":0,"53":0,"54":0,"55":0,"56":0,"57":0,"58":0,"59":0,"60":0,"61":0,"62":0,"63":0,"64":0,"65":1},"f":{"0":0,"1":0,"2":0,"3":0,"4":0,"5":0,"6":0,"7":0,"8":0,"9":0,"10":0},"b":{"0":[1,1],"1":[0,0],"2":[0,0],"3":[0,0],"4":[0,0],"5":[0,0],"6":[0,0],"7":[0],"8":[0],"9":[0,0],"10":[0],"11":[0,0],"12":[0,0],"13":[0,0],"14":[0,0],"15":[0],"16":[0,0],"17":[0,0],"18":[0],"19":[0,0],"20":[0,0],"21":[0,0],"22":[0,0]},"_coverageSchema":"1a1c01bbd47fc00a2c39e90264f33305004495a9","hash":"333c48ded1bd1f561cbbe8a942333f6aa6a99a1e"}
}
