TN:
SF:src/server.js
FN:19,(anonymous_0)
FN:28,(anonymous_1)
FN:31,(anonymous_2)
FN:32,(anonymous_3)
FN:47,(anonymous_4)
FN:62,(anonymous_5)
FN:74,oo_cm
FNF:7
FNH:3
FNDA:1,(anonymous_0)
FNDA:1,(anonymous_1)
FNDA:1,(anonymous_2)
FNDA:0,(anonymous_3)
FNDA:0,(anonymous_4)
FNDA:0,(anonymous_5)
FNDA:0,oo_cm
DA:1,1
DA:2,1
DA:3,1
DA:4,1
DA:5,1
DA:6,1
DA:7,1
DA:8,1
DA:9,1
DA:10,1
DA:11,1
DA:13,1
DA:15,1
DA:17,1
DA:19,1
DA:23,1
DA:27,1
DA:28,1
DA:29,1
DA:31,1
DA:32,0
DA:35,1
DA:36,1
DA:37,1
DA:38,1
DA:39,1
DA:41,1
DA:42,1
DA:43,1
DA:44,1
DA:45,1
DA:47,1
DA:48,0
DA:49,0
DA:56,0
DA:59,1
DA:61,1
DA:62,0
DA:63,0
DA:67,1
DA:74,0
LF:41
LH:34
BRDA:17,0,0,1
BRDA:17,0,1,1
BRDA:23,1,0,1
BRDA:23,1,1,0
BRDA:23,2,0,1
BRDA:23,2,1,0
BRDA:48,3,0,0
BRDA:48,3,1,0
BRDA:59,4,0,1
BRDA:59,4,1,1
BRDA:61,5,0,0
BRDA:61,5,1,1
BRDA:74,6,0,0
BRDA:74,6,1,0
BRF:14
BRH:7
end_of_record
TN:
SF:src/middleware/audit.js
FN:1,audit
FN:5,(anonymous_1)
FN:30,oo_cm
FNF:3
FNH:0
FNDA:0,audit
FNDA:0,(anonymous_1)
FNDA:0,oo_cm
DA:2,0
DA:3,0
DA:5,0
DA:6,0
DA:7,0
DA:16,0
DA:17,0
DA:20,0
DA:23,1
DA:30,0
LF:10
LH:1
BRDA:30,0,0,0
BRDA:30,0,1,0
BRF:2
BRH:0
end_of_record
TN:
SF:src/middleware/auth.hybrid.js
FN:5,authHybrid
FNF:1
FNH:0
FNDA:0,authHybrid
DA:1,1
DA:3,1
DA:6,0
DA:7,0
DA:9,0
DA:10,0
DA:15,0
DA:18,0
DA:19,0
DA:20,0
DA:21,0
DA:22,0
DA:27,0
DA:29,0
DA:33,0
DA:36,1
LF:16
LH:3
BRDA:9,0,0,0
BRDA:9,0,1,0
BRDA:9,1,0,0
BRDA:9,1,1,0
BRDA:18,2,0,0
BRDA:18,2,1,0
BRDA:18,3,0,0
BRDA:18,3,1,0
BRDA:24,4,0,0
BRDA:24,4,1,0
BRDA:25,5,0,0
BRDA:25,5,1,0
BRF:12
BRH:0
end_of_record
TN:
SF:src/middleware/rateLimit.js
FN:3,rateLimit
FN:9,(anonymous_1)
FNF:2
FNH:1
FNDA:3,rateLimit
FNDA:0,(anonymous_1)
DA:1,1
DA:4,3
DA:9,3
DA:10,0
DA:11,0
DA:12,0
DA:13,0
DA:15,0
DA:20,1
LF:9
LH:4
BRDA:3,0,0,0
BRDA:5,1,0,3
BRDA:5,1,1,0
BRDA:6,2,0,3
BRDA:6,2,1,0
BRDA:10,3,0,0
BRDA:10,3,1,0
BRF:7
BRH:2
end_of_record
TN:
SF:src/middleware/scopeGuard.js
FN:1,scopeGuard
FN:6,(anonymous_1)
FN:8,(anonymous_2)
FNF:3
FNH:1
FNDA:5,scopeGuard
FNDA:0,(anonymous_1)
FNDA:0,(anonymous_2)
DA:1,1
DA:2,5
DA:3,0
DA:6,5
DA:7,0
DA:8,0
DA:9,0
DA:10,0
DA:17,0
LF:9
LH:3
BRDA:2,0,0,0
BRDA:2,0,1,5
BRDA:7,1,0,0
BRDA:7,1,1,0
BRDA:9,2,0,0
BRDA:9,2,1,0
BRF:6
BRH:1
end_of_record
TN:
SF:src/routes/ai.commands.js
FN:17,(anonymous_0)
FN:48,oo_cm
FNF:2
FNH:0
FNDA:0,(anonymous_0)
FNDA:0,oo_cm
DA:1,1
DA:2,1
DA:3,1
DA:4,1
DA:5,1
DA:6,1
DA:7,1
DA:9,1
DA:11,1
DA:18,0
DA:19,0
DA:20,0
DA:23,0
DA:24,0
DA:29,0
DA:35,0
DA:36,0
DA:41,1
DA:48,0
LF:19
LH:10
BRDA:18,0,0,0
BRDA:18,0,1,0
BRDA:19,1,0,0
BRDA:19,1,1,0
BRDA:24,2,0,0
BRDA:24,2,1,0
BRDA:48,3,0,0
BRDA:48,3,1,0
BRF:8
BRH:0
end_of_record
TN:
SF:src/routes/ai.maintenance.js
FN:13,(anonymous_0)
FNF:1
FNH:0
FNDA:0,(anonymous_0)
DA:1,1
DA:2,1
DA:3,1
DA:4,1
DA:5,1
DA:7,1
DA:9,1
DA:14,0
DA:15,0
DA:16,0
DA:22,0
DA:31,1
LF:12
LH:8
BRDA:15,0,0,0
BRDA:15,0,1,0
BRF:2
BRH:0
end_of_record
TN:
SF:src/routes/billing.js
FN:18,(anonymous_0)
FN:32,(anonymous_1)
FN:77,(anonymous_2)
FN:122,(anonymous_3)
FN:153,(anonymous_4)
FN:185,(anonymous_5)
FN:210,oo_cm
FNF:7
FNH:0
FNDA:0,(anonymous_0)
FNDA:0,(anonymous_1)
FNDA:0,(anonymous_2)
FNDA:0,(anonymous_3)
FNDA:0,(anonymous_4)
FNDA:0,(anonymous_5)
FNDA:0,oo_cm
DA:1,1
DA:2,1
DA:9,1
DA:11,1
DA:12,1
DA:18,1
DA:19,0
DA:20,0
DA:32,1
DA:33,0
DA:35,0
DA:36,0
DA:39,0
DA:40,0
DA:41,0
DA:43,0
DA:44,0
DA:48,0
DA:56,0
DA:68,0
DA:69,0
DA:77,1
DA:78,0
DA:80,0
DA:81,0
DA:86,0
DA:87,0
DA:88,0
DA:93,0
DA:95,0
DA:106,0
DA:113,0
DA:114,0
DA:122,1
DA:123,0
DA:124,0
DA:126,0
DA:128,0
DA:146,0
DA:153,0
DA:154,0
DA:155,0
DA:157,0
DA:158,0
DA:159,0
DA:160,0
DA:163,0
DA:165,0
DA:176,0
DA:177,0
DA:185,1
DA:186,0
DA:193,0
DA:195,0
DA:203,1
DA:210,0
LF:56
LH:11
BRDA:35,0,0,0
BRDA:35,0,1,0
BRDA:35,1,0,0
BRDA:35,1,1,0
BRDA:43,2,0,0
BRDA:43,2,1,0
BRDA:50,3,0,0
BRDA:50,3,1,0
BRDA:80,4,0,0
BRDA:80,4,1,0
BRDA:80,5,0,0
BRDA:80,5,1,0
BRDA:80,5,2,0
BRDA:87,6,0,0
BRDA:87,6,1,0
BRDA:135,7,0,0
BRDA:135,7,1,0
BRDA:138,8,0,0
BRDA:138,8,1,0
BRDA:155,9,0,0
BRDA:155,9,1,0
BRDA:157,10,0,0
BRDA:157,10,1,0
BRDA:158,11,0,0
BRDA:158,11,1,0
BRDA:159,12,0,0
BRDA:159,12,1,0
BRDA:160,13,0,0
BRDA:160,13,1,0
BRDA:169,14,0,0
BRDA:169,14,1,0
BRDA:170,15,0,0
BRDA:170,15,1,0
BRDA:187,16,0,0
BRDA:187,16,1,0
BRDA:188,17,0,0
BRDA:188,17,1,0
BRDA:189,18,0,0
BRDA:189,18,1,0
BRDA:190,19,0,0
BRDA:190,19,1,0
BRDA:210,20,0,0
BRDA:210,20,1,0
BRF:43
BRH:0
end_of_record
TN:
SF:src/routes/health.js
FN:4,(anonymous_0)
FN:8,(anonymous_1)
FNF:2
FNH:1
FNDA:1,(anonymous_0)
FNDA:0,(anonymous_1)
DA:1,1
DA:2,1
DA:4,1
DA:5,1
DA:8,1
DA:9,0
DA:10,0
DA:18,1
LF:8
LH:6
BRF:0
BRH:0
end_of_record
TN:
SF:src/routes/payments.js
FN:22,(anonymous_0)
FN:51,(anonymous_1)
FN:75,(anonymous_2)
FN:89,(anonymous_3)
FN:96,(anonymous_4)
FN:108,oo_cm
FNF:6
FNH:0
FNDA:0,(anonymous_0)
FNDA:0,(anonymous_1)
FNDA:0,(anonymous_2)
FNDA:0,(anonymous_3)
FNDA:0,(anonymous_4)
FNDA:0,oo_cm
DA:1,1
DA:2,1
DA:3,1
DA:4,1
DA:5,1
DA:11,1
DA:13,1
DA:14,1
DA:16,1
DA:23,0
DA:24,0
DA:25,0
DA:28,0
DA:29,0
DA:30,0
DA:36,0
DA:37,0
DA:39,0
DA:40,0
DA:45,1
DA:52,0
DA:53,0
DA:54,0
DA:57,0
DA:58,0
DA:59,0
DA:61,0
DA:62,0
DA:64,0
DA:65,0
DA:70,1
DA:76,0
DA:77,0
DA:78,0
DA:80,0
DA:81,0
DA:83,0
DA:84,0
DA:89,1
DA:90,0
DA:91,0
DA:92,0
DA:93,0
DA:96,1
DA:97,0
DA:98,0
DA:101,1
DA:108,0
LF:48
LH:14
BRDA:23,0,0,0
BRDA:23,0,1,0
BRDA:24,1,0,0
BRDA:24,1,1,0
BRDA:36,2,0,0
BRDA:36,2,1,0
BRDA:52,3,0,0
BRDA:52,3,1,0
BRDA:53,4,0,0
BRDA:53,4,1,0
BRDA:61,5,0,0
BRDA:61,5,1,0
BRDA:80,6,0,0
BRDA:80,6,1,0
BRDA:108,7,0,0
BRDA:108,7,1,0
BRF:16
BRH:0
end_of_record
TN:
SF:src/services/aiMaintenance.js
FN:5,getRequiredEnvKeys
FN:11,(anonymous_1)
FN:12,(anonymous_2)
FN:21,validateEnvironment
FN:54,oo_cm
FNF:5
FNH:0
FNDA:0,getRequiredEnvKeys
FNDA:0,(anonymous_1)
FNDA:0,(anonymous_2)
FNDA:0,validateEnvironment
FNDA:0,oo_cm
DA:1,1
DA:2,1
DA:6,0
DA:7,0
DA:8,0
DA:9,0
DA:10,0
DA:11,0
DA:12,0
DA:13,0
DA:15,0
DA:16,0
DA:22,0
DA:23,0
DA:24,0
DA:26,0
DA:27,0
DA:28,0
DA:30,0
DA:34,0
DA:36,0
DA:47,1
DA:54,0
LF:23
LH:3
BRDA:12,0,0,0
BRDA:12,0,1,0
BRDA:27,1,0,0
BRDA:27,1,1,0
BRDA:27,2,0,0
BRDA:27,2,1,0
BRDA:54,3,0,0
BRDA:54,3,1,0
BRF:8
BRH:0
end_of_record
TN:
SF:src/services/aiSyntheticClient.js
FN:7,sendCommand
FNF:1
FNH:0
FNDA:0,sendCommand
DA:1,1
DA:3,1
DA:4,1
DA:5,1
DA:8,0
DA:14,0
DA:22,0
DA:25,1
LF:8
LH:5
BRDA:5,0,0,1
BRDA:5,0,1,1
BRDA:7,1,0,0
BRF:3
BRH:2
end_of_record
TN:
SF:src/services/payments.js
FN:12,getStripeClient
FN:24,getPayPalClient
FN:39,createStripeIntent
FN:52,createPayPalOrder
FN:75,capturePayPalOrder
FN:86,buildStripeWebhook
FN:111,getOrCreateStripeCustomer
FN:129,createStripeSubscription
FN:147,getPricingTiers
FN:180,calculateUsageCost
FN:191,(anonymous_10)
FNF:11
FNH:0
FNDA:0,getStripeClient
FNDA:0,getPayPalClient
FNDA:0,createStripeIntent
FNDA:0,createPayPalOrder
FNDA:0,capturePayPalOrder
FNDA:0,buildStripeWebhook
FNDA:0,getOrCreateStripeCustomer
FNDA:0,createStripeSubscription
FNDA:0,getPricingTiers
FNDA:0,calculateUsageCost
FNDA:0,(anonymous_10)
DA:1,1
DA:2,1
DA:7,1
DA:8,1
DA:9,1
DA:10,1
DA:13,0
DA:14,0
DA:16,0
DA:17,0
DA:21,0
DA:25,0
DA:26,0
DA:28,0
DA:30,0
DA:33,0
DA:34,0
DA:36,0
DA:40,0
DA:41,0
DA:42,0
DA:44,0
DA:53,0
DA:54,0
DA:55,0
DA:57,0
DA:58,0
DA:71,0
DA:72,0
DA:76,0
DA:77,0
DA:78,0
DA:80,0
DA:81,0
DA:82,0
DA:83,0
DA:87,0
DA:88,0
DA:90,0
DA:91,0
DA:97,0
DA:98,0
DA:104,0
DA:112,0
DA:113,0
DA:114,0
DA:117,0
DA:119,0
DA:120,0
DA:123,0
DA:130,0
DA:131,0
DA:132,0
DA:135,0
DA:148,0
DA:181,0
DA:188,0
DA:189,0
DA:191,0
DA:192,0
DA:193,0
DA:194,0
DA:195,0
DA:196,0
DA:200,0
DA:203,1
LF:66
LH:7
BRDA:10,0,0,1
BRDA:10,0,1,1
BRDA:13,1,0,0
BRDA:13,1,1,0
BRDA:16,2,0,0
BRDA:16,2,1,0
BRDA:25,3,0,0
BRDA:25,3,1,0
BRDA:25,4,0,0
BRDA:25,4,1,0
BRDA:28,5,0,0
BRDA:28,5,1,0
BRDA:30,6,0,0
BRDA:30,6,1,0
BRDA:39,7,0,0
BRDA:39,8,0,0
BRDA:41,9,0,0
BRDA:41,9,1,0
BRDA:52,10,0,0
BRDA:54,11,0,0
BRDA:54,11,1,0
BRDA:77,12,0,0
BRDA:77,12,1,0
BRDA:90,13,0,0
BRDA:90,13,1,0
BRDA:90,14,0,0
BRDA:90,14,1,0
BRDA:111,15,0,0
BRDA:113,16,0,0
BRDA:113,16,1,0
BRDA:119,17,0,0
BRDA:119,17,1,0
BRDA:129,18,0,0
BRDA:131,19,0,0
BRDA:131,19,1,0
BRDA:192,20,0,0
BRDA:192,20,1,0
BRDA:192,21,0,0
BRDA:192,21,1,0
BRDA:193,22,0,0
BRDA:193,22,1,0
BRF:41
BRH:2
end_of_record
